
<!DOCTYPE html>
<html>
<head>
  <title>Research Team Test Report</title>
  <style>
    body { font-family: Arial, sans-serif; margin: 20px; }
    .summary { background: #f5f5f5; padding: 20px; border-radius: 5px; }
    .success { color: green; }
    .failure { color: red; }
    .test-suite { margin: 20px 0; padding: 10px; border: 1px solid #ddd; }
    .validation { background: #e1f5fe; padding: 15px; margin: 10px 0; }
    pre { background: #f8f8f8; padding: 10px; overflow-x: auto; }
  </style>
</head>
<body>
  <h1>Research Team Test Report</h1>
  
  <div class="summary">
    <h2>Summary</h2>
    <p>Start Time: 2025-03-03T20:37:25.854Z</p>
    <p>End Time: 2025-03-03T20:37:25.869Z</p>
    <p>Duration: 15ms</p>
    <p>Total Tests: 3</p>
    <p>Passed Tests: <span class="success">1</span></p>
    <p>Failed Tests: <span class="failure">2</span></p>
    <p>Success Rate: 33.33%</p>
  </div>

  <h2>Test Suites</h2>
  
    <div class="test-suite">
      <h3>Render Tests</h3>
      <p>Status: <span class="success">PASSED</span></p>
      <p>Timestamp: Mon Mar 03 2025 12:37:25 GMT-0800 (Pacific Standard Time)</p>
      <pre>{
  "message": "All render tests completed successfully"
}</pre>
    </div>
  
    <div class="test-suite">
      <h3>Unit Tests</h3>
      <p>Status: <span class="failure">FAILED</span></p>
      <p>Timestamp: Mon Mar 03 2025 12:37:25 GMT-0800 (Pacific Standard Time)</p>
      <pre>{
  "error": "describe is not defined",
  "stack": "ReferenceError: describe is not defined\n    at Object.<anonymous> (/Users/tetra/Documents/GitHub/ultralink/tests/research-team-llm.test.js:3:1)\n    at Module._compile (node:internal/modules/cjs/loader:1734:14)\n    at Object..js (node:internal/modules/cjs/loader:1899:10)\n    at Module.load (node:internal/modules/cjs/loader:1469:32)\n    at Function._load (node:internal/modules/cjs/loader:1286:12)\n    at TracingChannel.traceSync (node:diagnostics_channel:322:14)\n    at wrapModuleLoad (node:internal/modules/cjs/loader:235:24)\n    at Module.require (node:internal/modules/cjs/loader:1491:12)\n    at require (node:internal/modules/helpers:135:16)\n    at runAllTests (/Users/tetra/Documents/GitHub/ultralink/tests/run-research-team-tests.js:185:7)"
}</pre>
    </div>
  
    <div class="test-suite">
      <h3>Export Tests</h3>
      <p>Status: <span class="failure">FAILED</span></p>
      <p>Timestamp: Mon Mar 03 2025 12:37:25 GMT-0800 (Pacific Standard Time)</p>
      <pre>{
  "error": "describe is not defined",
  "stack": "ReferenceError: describe is not defined\n    at Object.<anonymous> (/Users/tetra/Documents/GitHub/ultralink/tests/research-team-llm-export.test.js:3:1)\n    at Module._compile (node:internal/modules/cjs/loader:1734:14)\n    at Object..js (node:internal/modules/cjs/loader:1899:10)\n    at Module.load (node:internal/modules/cjs/loader:1469:32)\n    at Function._load (node:internal/modules/cjs/loader:1286:12)\n    at TracingChannel.traceSync (node:diagnostics_channel:322:14)\n    at wrapModuleLoad (node:internal/modules/cjs/loader:235:24)\n    at Module.require (node:internal/modules/cjs/loader:1491:12)\n    at require (node:internal/modules/helpers:135:16)\n    at runAllTests (/Users/tetra/Documents/GitHub/ultralink/tests/run-research-team-tests.js:198:7)"
}</pre>
    </div>
  

  <h2>Output Validation</h2>
  <div class="validation">
    <h3>Validation Summary</h3>
    <p>Total Validations: 6</p>
    <p>Passed: <span class="success">0</span></p>
    <p>Failed: <span class="failure">6</span></p>
    <p>Success Rate: 0.00%</p>
    
    <h3>Validation Details</h3>
    
      <div class="test-suite">
        <h4>JSON Validation</h4>
        <p>Status: <span class="failure">FAILED</span></p>
        <pre>{
  "error": "ENOENT: no such file or directory, open '/Users/tetra/Documents/GitHub/ultralink/output/research-team/raw/research-team.json'"
}</pre>
      </div>
    
      <div class="test-suite">
        <h4>CSV Validation</h4>
        <p>Status: <span class="failure">FAILED</span></p>
        <pre>{
  "error": "ENOENT: no such file or directory, open '/Users/tetra/Documents/GitHub/ultralink/output/research-team/raw/research-team.csv'"
}</pre>
      </div>
    
      <div class="test-suite">
        <h4>GraphML Validation</h4>
        <p>Status: <span class="failure">FAILED</span></p>
        <pre>{
  "error": "ENOENT: no such file or directory, open '/Users/tetra/Documents/GitHub/ultralink/output/research-team/graph/research-team.graphml'"
}</pre>
      </div>
    
      <div class="test-suite">
        <h4>HTML Validation</h4>
        <p>Status: <span class="failure">FAILED</span></p>
        <pre>{
  "error": "ENOENT: no such file or directory, open '/Users/tetra/Documents/GitHub/ultralink/output/research-team/docs/research-team.html'"
}</pre>
      </div>
    
      <div class="test-suite">
        <h4>Obsidian Validation</h4>
        <p>Status: <span class="failure">FAILED</span></p>
        <pre>{
  "error": "ENOENT: no such file or directory, scandir '/Users/tetra/Documents/GitHub/ultralink/output/research-team/knowledge/obsidian'"
}</pre>
      </div>
    
      <div class="test-suite">
        <h4>Timeline Validation</h4>
        <p>Status: <span class="failure">FAILED</span></p>
        <pre>{
  "error": "ENOENT: no such file or directory, open '/Users/tetra/Documents/GitHub/ultralink/output/research-team/temporal/timeline.json'"
}</pre>
      </div>
    
  </div>
</body>
</html>